<?xml version="1.0" encoding="UTF-8"?>
<testng-results ignored="0" total="1" passed="1" failed="0" skipped="0">
  <reporter-output>
  </reporter-output>
  <suite started-at="2022-07-30T09:10:13Z" name="Default suite" finished-at="2022-07-30T09:10:14Z" duration-ms="80">
    <groups>
    </groups>
    <test started-at="2022-07-30T09:10:13Z" name="Default test" finished-at="2022-07-30T09:10:14Z" duration-ms="80">
      <class name="qaautomation.tugas4jully.AppTest">
        <test-method signature="shouldAnswerWithTrue()[pri:0, instance:qaautomation.tugas4jully.AppTest@6be968ce]" started-at="2022-07-30T09:10:14Z" name="shouldAnswerWithTrue" finished-at="2022-07-30T09:10:14Z" duration-ms="30" status="PASS">
          <reporter-output>
          </reporter-output>
        </test-method> <!-- shouldAnswerWithTrue -->
      </class> <!-- qaautomation.tugas4jully.AppTest -->
    </test> <!-- Default test -->
  </suite> <!-- Default suite -->
</testng-results>
